<?xml version='1.0' encoding='UTF-8'?>
<testsuite hostname="Aprils-MBP" name="controllers.HomeControllerSpec" tests="3" errors="0" failures="0" skipped="0" time="0.182" timestamp="2022-12-01T13:50:59">
                     <properties>
[...]
</properties>
                     <testcase classname="controllers.HomeControllerSpec" name="HomeController GET should render the index page from a new instance of controller" time="0.079">
                                                 
                                               </testcase><testcase classname="controllers.HomeControllerSpec" name="HomeController GET should render the index page from the application" time="0.029">
                                                 
                                               </testcase><testcase classname="controllers.HomeControllerSpec" name="HomeController GET should render the index page from the router" time="0.074">
                                                 
                                               </testcase>
                     <system-out><![CDATA[]]></system-out>
                     <system-err><![CDATA[]]></system-err>
                   </testsuite>